2024-11-13 18:44:08,803 - root - INFO - Successfully connected to MongoDB database: ewr_airport
2024-11-13 18:44:09,497 - root - INFO - Successfully connected to MongoDB database: lga_airport
2024-11-13 18:44:09,497 - __main__ - INFO - Scheduler started. Running airport scrapers every 6 minutes...
2024-11-13 18:44:09,497 - __main__ - INFO - Starting EWR scraping tasks...
2024-11-13 18:44:10,201 - __main__ - INFO - Starting security wait time scrape
2024-11-13 18:44:14,565 - __main__ - INFO - Security times for Terminal A: General=1, TSA Pre✓=No Wait
2024-11-13 18:44:14,592 - __main__ - INFO - Security times for Terminal B: General=7, TSA Pre✓=1
2024-11-13 18:44:14,618 - __main__ - INFO - Security times for Terminal B: General=15, TSA Pre✓=
2024-11-13 18:44:14,644 - __main__ - INFO - Security times for Terminal B: General=7, TSA Pre✓=
2024-11-13 18:44:14,669 - __main__ - INFO - Security times for Terminal C: General=2, TSA Pre✓=2
2024-11-13 18:44:14,669 - __main__ - INFO - Saving EWR security wait time data to MongoDB...
2024-11-13 18:44:14,712 - root - INFO - Inserted 5 ewr security wait time records
2024-11-13 18:44:15,239 - __main__ - INFO - Starting walk time scrape
2024-11-13 18:44:19,232 - __main__ - INFO - Saving EWR walk time data to MongoDB...
2024-11-13 18:44:19,269 - root - INFO - Inserted 7 ewr walk time records
2024-11-13 18:44:19,362 - __main__ - INFO - Starting LGA scraping tasks...
2024-11-13 18:44:19,789 - __main__ - INFO - Starting security wait time scrape
2024-11-13 18:44:23,771 - __main__ - INFO - Security times for Terminal A: General=2, TSA Pre✓=2
2024-11-13 18:44:23,798 - __main__ - INFO - Security times for Terminal B: General=2, TSA Pre✓=No Wait
2024-11-13 18:44:23,825 - __main__ - INFO - Security times for Terminal C: General=5, TSA Pre✓=3
2024-11-13 18:44:23,825 - __main__ - INFO - Saving LGA security wait time data to MongoDB...
2024-11-13 18:44:23,862 - root - INFO - Inserted 3 lga security wait time records
2024-11-13 18:44:24,406 - __main__ - INFO - Starting walk time scrape
2024-11-13 18:44:28,810 - __main__ - INFO - Saving LGA walk time data to MongoDB...
2024-11-13 18:44:28,850 - root - INFO - Inserted 7 lga walk time records
2024-11-13 18:44:28,953 - __main__ - INFO - All scheduled tasks completed successfully
2024-11-13 18:44:40,851 - __main__ - INFO - Scheduler stopping...
