2024-11-11 15:51:49,990 - INFO - Starting ewr security wait time scrape
2024-11-11 15:51:54,345 - INFO - Security times for Terminal A: General=1, TSA Pre✓=1
2024-11-11 15:51:54,376 - INFO - Security times for Terminal B: General=12, TSA Pre✓=1
2024-11-11 15:51:54,406 - INFO - Security times for Terminal B: General=7, TSA Pre✓=
2024-11-11 15:51:54,436 - INFO - Security times for Terminal B: General=9, TSA Pre✓=
2024-11-11 15:51:54,467 - INFO - Security times for Terminal C: General=11, TSA Pre✓=3
2024-11-11 15:51:54,468 - INFO - Saved 5 entries to data/security_times_20241111_155154.json
2024-11-11 15:51:54,468 - INFO - 
Sample of security wait time data:
2024-11-11 15:51:55,103 - INFO - Starting ewr walk time scrape
2024-11-11 15:51:59,695 - INFO - Saved 7 entries to data/walk_times_20241111_155159.json
2024-11-11 15:51:59,696 - INFO - 
Sample of walk time data:
2024-11-11 16:10:28,130 - INFO - Successfully connected to MongoDB database: airport_timing
2024-11-11 16:10:28,777 - INFO - Starting ewr security wait time scrape
2024-11-11 16:10:33,750 - INFO - Security times for Terminal A: General=1, TSA Pre✓=1
2024-11-11 16:10:33,778 - INFO - Security times for Terminal B: General=9, TSA Pre✓=1
2024-11-11 16:10:33,808 - INFO - Security times for Terminal B: General=16, TSA Pre✓=
2024-11-11 16:10:33,839 - INFO - Security times for Terminal B: General=10, TSA Pre✓=
2024-11-11 16:10:33,870 - INFO - Security times for Terminal C: General=9, TSA Pre✓=4
2024-11-11 16:10:33,871 - INFO - Saved 5 entries to data/security_times_20241111_161033.json
2024-11-11 16:10:33,871 - INFO - 
Saving security wait time data to MongoDB...
2024-11-11 16:10:33,907 - INFO - Inserted 5 security wait time records
2024-11-11 16:10:33,907 - INFO - Successfully saved security wait time data
2024-11-11 16:10:34,411 - INFO - Starting ewr walk time scrape
2024-11-11 16:10:38,459 - INFO - Saved 7 entries to data/walk_times_20241111_161038.json
2024-11-11 16:10:38,460 - INFO - 
Saving walk time data to MongoDB...
2024-11-11 16:10:38,495 - INFO - Inserted 7 walk time records
2024-11-11 16:10:38,495 - INFO - Successfully saved walk time data
2024-11-11 16:10:38,620 - INFO - MongoDB connection closed
2024-11-11 16:18:50,384 - INFO - Successfully connected to MongoDB database: ewr_airport
2024-11-11 16:18:51,059 - INFO - Starting ewr security wait time scrape
2024-11-11 16:18:55,528 - INFO - Security times for Terminal A: General=1, TSA Pre✓=1
2024-11-11 16:18:55,556 - INFO - Security times for Terminal B: General=7, TSA Pre✓=1
2024-11-11 16:18:55,583 - INFO - Security times for Terminal B: General=14, TSA Pre✓=
2024-11-11 16:18:55,609 - INFO - Security times for Terminal B: General=9, TSA Pre✓=
2024-11-11 16:18:55,635 - INFO - Security times for Terminal C: General=15, TSA Pre✓=8
2024-11-11 16:18:55,636 - INFO - Saved 5 entries to data/security_times_20241111_161855.json
2024-11-11 16:18:55,636 - INFO - 
Saving EWR security wait time data to MongoDB...
2024-11-11 16:18:55,670 - INFO - Inserted 5 ewr security wait time records
2024-11-11 16:18:55,670 - INFO - Successfully saved EWR security wait time data
2024-11-11 16:18:56,198 - INFO - Starting ewr walk time scrape
2024-11-11 16:19:00,420 - INFO - Saved 7 entries to data/walk_times_20241111_161900.json
2024-11-11 16:19:00,420 - INFO - 
Saving EWR walk time data to MongoDB...
2024-11-11 16:19:00,456 - INFO - Inserted 7 ewr walk time records
2024-11-11 16:19:00,456 - INFO - Successfully saved EWR walk time data
2024-11-11 16:19:00,606 - INFO - Closed ewr MongoDB connection
