2024-11-11 15:52:27,807 - INFO - Starting jfk security wait time scrape
2024-11-11 15:52:31,887 - INFO - Security times for Terminal 1: General=7, TSA Pre✓=N/A
2024-11-11 15:52:31,923 - INFO - Security times for Terminal 4: General=N/A, TSA Pre✓=N/A
2024-11-11 15:52:31,948 - INFO - Security times for Terminal 5: General=8, TSA Pre✓=N/A
2024-11-11 15:52:31,974 - INFO - Security times for Terminal 7: General=, TSA Pre✓=N/A
2024-11-11 15:52:31,996 - INFO - Security times for Terminal 8: General=11, TSA Pre✓=N/A
2024-11-11 15:52:31,997 - INFO - Saved 5 entries to data/security_times_20241111_155231.json
2024-11-11 15:52:31,997 - INFO - 
Sample of security wait time data:
2024-11-11 15:52:32,521 - INFO - Starting jfk walk time scrape
2024-11-11 15:52:37,280 - INFO - Saved 12 entries to data/walk_times_20241111_155237.json
2024-11-11 15:52:37,281 - INFO - 
Sample of walk time data:
2024-11-11 15:54:07,575 - INFO - Starting jfk security wait time scrape
2024-11-11 15:54:12,453 - INFO - Security times for Terminal 1: General=16, TSA Pre✓=N/A
2024-11-11 15:54:12,477 - INFO - Security times for Terminal 4: General=N/A, TSA Pre✓=N/A
2024-11-11 15:54:12,500 - INFO - Security times for Terminal 5: General=32, TSA Pre✓=N/A
2024-11-11 15:54:12,524 - INFO - Security times for Terminal 7: General=11, TSA Pre✓=N/A
2024-11-11 15:54:12,549 - INFO - Security times for Terminal 8: General=29, TSA Pre✓=N/A
2024-11-11 15:54:12,550 - INFO - Saved 5 entries to data/security_times_20241111_155412.json
2024-11-11 15:54:12,550 - INFO - 
Sample of security wait time data:
2024-11-11 15:54:13,090 - INFO - Starting jfk walk time scrape
2024-11-11 15:54:17,217 - INFO - Saved 12 entries to data/walk_times_20241111_155417.json
2024-11-11 15:54:17,217 - INFO - 
Sample of walk time data:
2024-11-11 15:54:48,710 - INFO - Starting jfk security wait time scrape
2024-11-11 15:54:52,854 - INFO - Security times for Terminal 1: General=16, TSA Pre✓=N/A
2024-11-11 15:54:52,879 - INFO - Security times for Terminal 4: General=N/A, TSA Pre✓=N/A
2024-11-11 15:54:52,906 - INFO - Security times for Terminal 5: General=31, TSA Pre✓=N/A
2024-11-11 15:54:52,932 - INFO - Security times for Terminal 7: General=10, TSA Pre✓=N/A
2024-11-11 15:54:52,957 - INFO - Security times for Terminal 8: General=28, TSA Pre✓=N/A
2024-11-11 15:54:52,957 - INFO - Saved 5 entries to data/security_times_20241111_155452.json
2024-11-11 15:54:52,957 - INFO - 
Sample of security wait time data:
2024-11-11 15:54:53,472 - INFO - Starting jfk walk time scrape
2024-11-11 15:54:57,478 - INFO - Saved 12 entries to data/walk_times_20241111_155457.json
2024-11-11 15:54:57,479 - INFO - 
Sample of walk time data:
2024-11-11 15:55:30,786 - INFO - Starting jfk security wait time scrape
2024-11-11 15:55:35,808 - ERROR - Error processing security row: list index out of range
2024-11-11 15:55:35,836 - ERROR - Error processing security row: list index out of range
2024-11-11 15:55:35,866 - ERROR - Error processing security row: list index out of range
2024-11-11 15:55:35,897 - ERROR - Error processing security row: list index out of range
2024-11-11 15:55:35,923 - ERROR - Error processing security row: list index out of range
2024-11-11 15:55:35,923 - ERROR - Security wait time scraping failed
2024-11-11 15:55:36,460 - INFO - Starting jfk walk time scrape
2024-11-11 15:55:40,778 - INFO - Saved 12 entries to data/walk_times_20241111_155540.json
2024-11-11 15:55:40,779 - INFO - 
Sample of walk time data:
2024-11-11 15:57:55,113 - INFO - Starting jfk security wait time scrape
2024-11-11 15:57:59,556 - INFO - Security times for Terminal 1: General=17, TSA Pre✓=8
2024-11-11 15:57:59,589 - INFO - Security times for Terminal 4: General=N/A, TSA Pre✓=N/A
2024-11-11 15:57:59,624 - INFO - Security times for Terminal 5: General=30, TSA Pre✓=10
2024-11-11 15:57:59,660 - INFO - Security times for Terminal 7: General=9, TSA Pre✓=
2024-11-11 15:57:59,694 - INFO - Security times for Terminal 8: General=29, TSA Pre✓=14
2024-11-11 15:57:59,695 - INFO - Saved 5 entries to data/security_times_20241111_155759.json
2024-11-11 15:57:59,695 - INFO - 
Sample of security wait time data:
2024-11-11 15:58:00,193 - INFO - Starting jfk walk time scrape
2024-11-11 15:58:04,285 - INFO - Saved 12 entries to data/walk_times_20241111_155804.json
2024-11-11 15:58:04,286 - INFO - 
Sample of walk time data:
2024-11-11 16:04:57,774 - INFO - Successfully connected to MongoDB database: airport_timing
2024-11-11 16:04:58,526 - INFO - Starting jfk security wait time scrape
2024-11-11 16:05:02,574 - INFO - Security times for Terminal 1: General=20, TSA Pre✓=8
2024-11-11 16:05:02,606 - INFO - Security times for Terminal 4: General=N/A, TSA Pre✓=N/A
2024-11-11 16:05:02,641 - INFO - Security times for Terminal 5: General=25, TSA Pre✓=9
2024-11-11 16:05:02,674 - INFO - Security times for Terminal 7: General=8, TSA Pre✓=
2024-11-11 16:05:02,708 - INFO - Security times for Terminal 8: General=32, TSA Pre✓=7
2024-11-11 16:05:02,709 - INFO - Saved 5 entries to data/security_times_20241111_160502.json
2024-11-11 16:05:02,709 - INFO - 
Saving security wait time data to MongoDB...
2024-11-11 16:05:02,746 - INFO - Inserted 5 security wait time records
2024-11-11 16:05:02,747 - INFO - Successfully saved security wait time data
2024-11-11 16:05:03,242 - INFO - Starting jfk walk time scrape
2024-11-11 16:05:07,283 - INFO - Saved 12 entries to data/walk_times_20241111_160507.json
2024-11-11 16:05:07,284 - INFO - 
Saving walk time data to MongoDB...
2024-11-11 16:05:07,322 - INFO - Inserted 12 walk time records
2024-11-11 16:05:07,324 - INFO - Successfully saved walk time data
2024-11-11 16:05:07,455 - INFO - MongoDB connection closed
2024-11-11 16:19:17,270 - INFO - Successfully connected to MongoDB database: jfk_airport
2024-11-11 16:19:17,841 - INFO - Starting jfk security wait time scrape
2024-11-11 16:19:22,074 - INFO - Security times for Terminal 1: General=21, TSA Pre✓=10
2024-11-11 16:19:22,107 - INFO - Security times for Terminal 4: General=N/A, TSA Pre✓=N/A
2024-11-11 16:19:22,140 - INFO - Security times for Terminal 5: General=18, TSA Pre✓=7
2024-11-11 16:19:22,176 - INFO - Security times for Terminal 7: General=10, TSA Pre✓=
2024-11-11 16:19:22,209 - INFO - Security times for Terminal 8: General=26, TSA Pre✓=9
2024-11-11 16:19:22,210 - INFO - Saved 5 entries to data/security_times_20241111_161922.json
2024-11-11 16:19:22,210 - INFO - 
Saving JFK security wait time data to MongoDB...
2024-11-11 16:19:22,248 - INFO - Inserted 5 jfk security wait time records
2024-11-11 16:19:22,248 - INFO - Successfully saved JFK security wait time data
2024-11-11 16:19:22,813 - INFO - Starting jfk walk time scrape
2024-11-11 16:19:28,026 - INFO - Saved 12 entries to data/walk_times_20241111_161928.json
2024-11-11 16:19:28,027 - INFO - 
Saving JFK walk time data to MongoDB...
2024-11-11 16:19:28,062 - INFO - Inserted 12 jfk walk time records
2024-11-11 16:19:28,062 - INFO - Successfully saved JFK walk time data
2024-11-11 16:19:28,189 - INFO - Closed jfk MongoDB connection
