2024-11-11 15:48:53,141 - INFO - Starting LGA security wait time scrape
2024-11-11 15:48:57,580 - INFO - Security times for Terminal A: General=3, TSA Pre✓=2
2024-11-11 15:48:57,609 - INFO - Security times for Terminal B: General=8, TSA Pre✓=4
2024-11-11 15:48:57,639 - INFO - Security times for Terminal C: General=5, TSA Pre✓=2
2024-11-11 15:48:57,640 - INFO - Saved 3 entries to data/security_times_20241111_154857.json
2024-11-11 15:48:57,640 - INFO - 
Sample of security wait time data:
2024-11-11 15:48:58,132 - INFO - Starting LGA walk time scrape
2024-11-11 15:49:02,022 - INFO - Saved 7 entries to data/walk_times_20241111_154902.json
2024-11-11 15:49:02,022 - INFO - 
Sample of walk time data:
2024-11-11 16:17:39,992 - INFO - Successfully connected to MongoDB database: lga_airport
2024-11-11 16:17:40,700 - INFO - Starting LGA security wait time scrape
2024-11-11 16:17:44,934 - INFO - Security times for Terminal A: General=2, TSA Pre✓=2
2024-11-11 16:17:44,960 - INFO - Security times for Terminal B: General=5, TSA Pre✓=1
2024-11-11 16:17:44,990 - INFO - Security times for Terminal C: General=3, TSA Pre✓=4
2024-11-11 16:17:44,990 - INFO - Saved 3 entries to data/security_times_20241111_161744.json
2024-11-11 16:17:44,990 - INFO - 
Saving LGA security wait time data to MongoDB...
2024-11-11 16:17:45,025 - INFO - Inserted 3 lga security wait time records
2024-11-11 16:17:45,025 - INFO - Successfully saved LGA security wait time data
2024-11-11 16:17:45,552 - INFO - Starting LGA walk time scrape
2024-11-11 16:17:49,804 - INFO - Saved 7 entries to data/walk_times_20241111_161749.json
2024-11-11 16:17:49,804 - INFO - 
Saving LGA walk time data to MongoDB...
2024-11-11 16:17:49,839 - INFO - Inserted 7 lga walk time records
2024-11-11 16:17:49,839 - INFO - Successfully saved LGA walk time data
2024-11-11 16:17:49,960 - INFO - Closed lga MongoDB connection
