2024-11-11 15:39:31,136 - INFO - ====== WebDriver manager ======
2024-11-11 15:39:31,246 - INFO - Get LATEST chromedriver version for google-chrome
2024-11-11 15:39:31,331 - INFO - Get LATEST chromedriver version for google-chrome
2024-11-11 15:39:31,399 - INFO - Driver [/Users/nandupokhrel/.wdm/drivers/chromedriver/mac64/130.0.6723.116/chromedriver-mac-arm64/chromedriver] found in cache
2024-11-11 15:39:32,301 - INFO - Chrome driver initialized successfully
2024-11-11 15:39:33,115 - INFO - Successfully connected to MongoDB database: airport_timing
2024-11-11 15:39:33,115 - INFO - MongoDB storage initialized successfully
2024-11-11 15:39:33,115 - INFO - Starting LGA security wait time scrape
2024-11-11 15:39:37,304 - INFO - Inserted LGA data with ID: 67326b894105d948c3eaf9d8
2024-11-11 15:39:37,304 - INFO - Security times for : General=3, TSA Pre✓=2
2024-11-11 15:39:37,364 - INFO - Inserted LGA data with ID: 67326b894105d948c3eaf9d9
2024-11-11 15:39:37,364 - INFO - Security times for : General=12, TSA Pre✓=1
2024-11-11 15:39:37,422 - INFO - Inserted LGA data with ID: 67326b894105d948c3eaf9da
2024-11-11 15:39:37,422 - INFO - Security times for : General=10, TSA Pre✓=2
2024-11-11 15:39:37,422 - INFO - Successfully scraped 3 security time entries
2024-11-11 15:39:37,454 - INFO - Starting LGA walk time scrape
2024-11-11 15:39:39,842 - INFO - Inserted LGA data with ID: 67326b8b4105d948c3eaf9db
2024-11-11 15:39:39,902 - INFO - Inserted LGA data with ID: 67326b8b4105d948c3eaf9dc
2024-11-11 15:39:39,949 - INFO - Inserted LGA data with ID: 67326b8b4105d948c3eaf9dd
2024-11-11 15:39:40,008 - INFO - Inserted LGA data with ID: 67326b8b4105d948c3eaf9de
2024-11-11 15:39:40,056 - INFO - Inserted LGA data with ID: 67326b8c4105d948c3eaf9df
2024-11-11 15:39:40,106 - INFO - Inserted LGA data with ID: 67326b8c4105d948c3eaf9e0
2024-11-11 15:39:40,153 - INFO - Inserted LGA data with ID: 67326b8c4105d948c3eaf9e1
2024-11-11 15:39:40,153 - INFO - Successfully scraped 7 walk time entries
2024-11-11 15:39:40,283 - INFO - Chrome driver closed successfully
2024-11-11 15:39:40,314 - INFO - MongoDB connection closed
