2024-11-12 20:34:54,491 - ERROR - Failed to connect to MongoDB: localhost:27017: [Errno 61] Connection refused, Timeout: 30s, Topology Description: <TopologyDescription id: 67340220a8fec702113a40c4, topology_type: Single, servers: [<ServerDescription ('localhost', 27017) server_type: Unknown, rtt: None, error=AutoReconnect('localhost:27017: [Errno 61] Connection refused')>]>
2024-11-12 20:34:55,030 - INFO - Closed jfk MongoDB connection
2024-11-12 20:36:26,774 - ERROR - Failed to connect to MongoDB: localhost:27017: [Errno 61] Connection refused, Timeout: 30s, Topology Description: <TopologyDescription id: 6734027cc10041ef6c902219, topology_type: Single, servers: [<ServerDescription ('localhost', 27017) server_type: Unknown, rtt: None, error=AutoReconnect('localhost:27017: [Errno 61] Connection refused')>]>
2024-11-12 20:36:27,299 - INFO - Closed jfk MongoDB connection
2024-11-12 20:38:06,660 - ERROR - Failed to connect to MongoDB: localhost:27017: [Errno 61] Connection refused, Timeout: 30s, Topology Description: <TopologyDescription id: 673402e0ef57015ea6759baf, topology_type: Single, servers: [<ServerDescription ('localhost', 27017) server_type: Unknown, rtt: None, error=AutoReconnect('localhost:27017: [Errno 61] Connection refused')>]>
2024-11-12 20:38:07,183 - INFO - Closed jfk MongoDB connection
2024-11-12 20:39:29,233 - ERROR - Failed to connect to MongoDB: localhost:27017: [Errno 61] Connection refused, Timeout: 30s, Topology Description: <TopologyDescription id: 6734033273a7c1e880b41de9, topology_type: Single, servers: [<ServerDescription ('localhost', 27017) server_type: Unknown, rtt: None, error=AutoReconnect('localhost:27017: [Errno 61] Connection refused')>]>
2024-11-12 20:39:29,752 - INFO - Closed jfk MongoDB connection
2024-11-13 13:31:53,720 - INFO - Successfully connected to MongoDB database: jfk_airport
2024-11-13 13:31:54,152 - INFO - Starting jfk security wait time scrape
2024-11-13 13:31:58,551 - INFO - Security times for Terminal 1: General=14, TSA Pre✓=7
2024-11-13 13:31:58,582 - INFO - Security times for Terminal 4: General=N/A, TSA Pre✓=N/A
2024-11-13 13:31:58,615 - INFO - Security times for Terminal 5: General=18, TSA Pre✓=4
2024-11-13 13:31:58,647 - INFO - Security times for Terminal 7: General=27, TSA Pre✓=
2024-11-13 13:31:58,681 - INFO - Security times for Terminal 8: General=19, TSA Pre✓=9
2024-11-13 13:31:58,681 - INFO - 
Saving JFK security wait time data to MongoDB...
2024-11-13 13:31:58,721 - INFO - Inserted 5 jfk security wait time records
2024-11-13 13:31:58,721 - INFO - Successfully saved JFK security wait time data
2024-11-13 13:31:59,201 - INFO - Starting jfk walk time scrape
2024-11-13 13:32:03,287 - INFO - 
Saving JFK walk time data to MongoDB...
2024-11-13 13:32:03,331 - INFO - Inserted 12 jfk walk time records
2024-11-13 13:32:03,332 - INFO - Successfully saved JFK walk time data
2024-11-13 13:32:03,456 - INFO - Closed jfk MongoDB connection
2024-11-13 17:07:52,922 - INFO - Successfully connected to MongoDB database: jfk_airport
2024-11-13 17:07:54,145 - INFO - Starting jfk security wait time scrape
2024-11-13 17:07:58,457 - INFO - Security times for Terminal 1: General=12, TSA Pre✓=6
2024-11-13 17:07:58,490 - INFO - Security times for Terminal 4: General=N/A, TSA Pre✓=N/A
2024-11-13 17:07:58,522 - INFO - Security times for Terminal 5: General=12, TSA Pre✓=4
2024-11-13 17:07:58,554 - INFO - Security times for Terminal 7: General=11, TSA Pre✓=
2024-11-13 17:07:58,588 - INFO - Security times for Terminal 8: General=21, TSA Pre✓=10
2024-11-13 17:07:58,588 - INFO - 
Saving JFK security wait time data to MongoDB...
2024-11-13 17:07:58,627 - INFO - Inserted 5 jfk security wait time records
2024-11-13 17:07:58,627 - INFO - Successfully saved JFK security wait time data
2024-11-13 17:07:59,113 - INFO - Starting jfk walk time scrape
2024-11-13 17:08:03,201 - INFO - 
Saving JFK walk time data to MongoDB...
2024-11-13 17:08:03,247 - INFO - Inserted 12 jfk walk time records
2024-11-13 17:08:03,247 - INFO - Successfully saved JFK walk time data
2024-11-13 17:08:03,373 - INFO - Closed jfk MongoDB connection
2024-11-13 17:11:32,464 - INFO - Successfully connected to MongoDB database: jfk_airport
2024-11-13 17:11:33,091 - INFO - Starting jfk security wait time scrape
2024-11-13 17:11:37,466 - INFO - Security times for Terminal 1: General=14, TSA Pre✓=3
2024-11-13 17:11:37,501 - INFO - Security times for Terminal 4: General=N/A, TSA Pre✓=N/A
2024-11-13 17:11:37,534 - INFO - Security times for Terminal 5: General=11, TSA Pre✓=5
2024-11-13 17:11:37,568 - INFO - Security times for Terminal 7: General=11, TSA Pre✓=
2024-11-13 17:11:37,603 - INFO - Security times for Terminal 8: General=18, TSA Pre✓=7
2024-11-13 17:11:37,603 - INFO - 
Saving JFK security wait time data to MongoDB...
2024-11-13 17:11:37,638 - INFO - Inserted 5 jfk security wait time records
2024-11-13 17:11:37,638 - INFO - Successfully saved JFK security wait time data
2024-11-13 17:11:38,115 - INFO - Starting jfk walk time scrape
2024-11-13 17:11:42,283 - INFO - 
Saving JFK walk time data to MongoDB...
2024-11-13 17:11:42,321 - INFO - Inserted 12 jfk walk time records
2024-11-13 17:11:42,321 - INFO - Successfully saved JFK walk time data
2024-11-13 17:11:42,444 - INFO - Closed jfk MongoDB connection
