2024-11-11 15:44:44,265 - INFO - Successfully connected to MongoDB database: airport_timing
2024-11-11 15:44:44,266 - INFO - MongoDB storage initialized successfully
2024-11-11 15:44:45,245 - INFO - Starting LGA security wait time scrape
2024-11-11 15:44:49,610 - INFO - Inserted LGA data with ID: 67326cc1136dbc773f30096d
2024-11-11 15:44:49,610 - INFO - Security times for Terminal A: General=3, TSA Pre✓=2
2024-11-11 15:44:49,672 - INFO - Inserted LGA data with ID: 67326cc1136dbc773f30096e
2024-11-11 15:44:49,672 - INFO - Security times for Terminal B: General=9, TSA Pre✓=3
2024-11-11 15:44:49,736 - INFO - Inserted LGA data with ID: 67326cc1136dbc773f30096f
2024-11-11 15:44:49,736 - INFO - Security times for Terminal C: General=9, TSA Pre✓=2
2024-11-11 15:44:49,736 - INFO - Successfully scraped 3 security time entries
2024-11-11 15:44:50,433 - INFO - Successfully connected to MongoDB database: airport_timing
2024-11-11 15:44:50,436 - INFO - MongoDB storage initialized successfully
2024-11-11 15:44:50,889 - INFO - Starting LGA walk time scrape
2024-11-11 15:44:54,956 - INFO - Inserted LGA data with ID: 67326cc6136dbc773f300971
2024-11-11 15:44:55,014 - INFO - Inserted LGA data with ID: 67326cc6136dbc773f300972
2024-11-11 15:44:55,062 - INFO - Inserted LGA data with ID: 67326cc7136dbc773f300973
2024-11-11 15:44:55,123 - INFO - Inserted LGA data with ID: 67326cc7136dbc773f300974
2024-11-11 15:44:55,171 - INFO - Inserted LGA data with ID: 67326cc7136dbc773f300975
2024-11-11 15:44:55,220 - INFO - Inserted LGA data with ID: 67326cc7136dbc773f300976
2024-11-11 15:44:55,268 - INFO - Inserted LGA data with ID: 67326cc7136dbc773f300977
2024-11-11 15:44:55,268 - INFO - Successfully scraped 7 walk time entries
2024-11-11 15:44:55,426 - INFO - MongoDB connection closed
2024-11-11 15:44:55,458 - INFO - MongoDB connection closed
