2024-11-13 19:12:10,883 - root - INFO - Successfully connected to MongoDB database: ewr_airport
2024-11-13 19:12:11,607 - root - INFO - Successfully connected to MongoDB database: lga_airport
2024-11-13 19:12:11,608 - __main__ - INFO - Scheduler started. Running airport scrapers every 6 minutes...
2024-11-13 19:12:11,608 - __main__ - INFO - Starting EWR scraping tasks...
2024-11-13 19:12:12,508 - __main__ - INFO - Starting security wait time scrape
2024-11-13 19:12:14,085 - urllib3.connectionpool - WARNING - Retrying (Retry(total=2, connect=None, read=None, redirect=None, status=None)) after connection broken by 'NewConnectionError('<urllib3.connection.HTTPConnection object at 0x105d0e0d0>: Failed to establish a new connection: [Errno 61] Connection refused')': /session/07f612dce9077296907729d09640988a
2024-11-13 19:12:14,087 - urllib3.connectionpool - WARNING - Retrying (Retry(total=1, connect=None, read=None, redirect=None, status=None)) after connection broken by 'NewConnectionError('<urllib3.connection.HTTPConnection object at 0x105990f50>: Failed to establish a new connection: [Errno 61] Connection refused')': /session/07f612dce9077296907729d09640988a
2024-11-13 19:12:14,088 - urllib3.connectionpool - WARNING - Retrying (Retry(total=0, connect=None, read=None, redirect=None, status=None)) after connection broken by 'NewConnectionError('<urllib3.connection.HTTPConnection object at 0x105d10050>: Failed to establish a new connection: [Errno 61] Connection refused')': /session/07f612dce9077296907729d09640988a
2024-11-13 19:12:14,105 - __main__ - INFO - Scheduler stopping...
2024-11-13 19:40:43,846 - root - INFO - Successfully connected to MongoDB database: ewr_airport
2024-11-13 19:40:44,681 - root - INFO - Successfully connected to MongoDB database: lga_airport
2024-11-13 19:40:45,636 - root - INFO - Successfully connected to MongoDB database: jfk_airport
2024-11-13 19:40:45,637 - __main__ - INFO - Combined scheduler started. Running all airport scrapers every 6 minutes...
2024-11-13 19:40:45,637 - __main__ - INFO - Starting combined airport scraping tasks...
2024-11-13 19:40:45,637 - __main__ - INFO - Starting EWR scraping tasks...
2024-11-13 19:40:46,681 - ewr_local - INFO - Starting security wait time scrape
2024-11-13 19:40:51,425 - ewr_local - INFO - Security times for Terminal A: General=No Wait, TSA Pre✓=No Wait
2024-11-13 19:40:51,451 - ewr_local - INFO - Security times for Terminal B: General=4, TSA Pre✓=1
2024-11-13 19:40:51,476 - ewr_local - INFO - Security times for Terminal B: General=18, TSA Pre✓=
2024-11-13 19:40:51,499 - ewr_local - INFO - Security times for Terminal B: General=25, TSA Pre✓=
2024-11-13 19:40:51,523 - ewr_local - INFO - Security times for Terminal C: General=3, TSA Pre✓=4
2024-11-13 19:40:51,524 - __main__ - INFO - Saving EWR security wait time data...
2024-11-13 19:40:51,560 - root - INFO - Inserted 5 ewr security wait time records
2024-11-13 19:40:52,078 - ewr_local - INFO - Starting walk time scrape
2024-11-13 19:40:57,151 - __main__ - INFO - Saving EWR walk time data...
2024-11-13 19:40:57,190 - root - INFO - Inserted 7 ewr walk time records
2024-11-13 19:40:57,290 - __main__ - INFO - Starting LGA scraping tasks...
2024-11-13 19:40:57,672 - ewr_local - INFO - Starting security wait time scrape
2024-11-13 19:41:01,951 - ewr_local - INFO - Security times for Terminal A: General=2, TSA Pre✓=2
2024-11-13 19:41:01,987 - ewr_local - INFO - Security times for Terminal B: General=4, TSA Pre✓=No Wait
2024-11-13 19:41:02,015 - ewr_local - INFO - Security times for Terminal C: General=No Wait, TSA Pre✓=No Wait
2024-11-13 19:41:02,015 - __main__ - INFO - Saving LGA security wait time data...
2024-11-13 19:41:02,052 - root - INFO - Inserted 3 lga security wait time records
2024-11-13 19:41:02,686 - ewr_local - INFO - Starting walk time scrape
2024-11-13 19:41:06,687 - __main__ - INFO - Saving LGA walk time data...
2024-11-13 19:41:06,729 - root - INFO - Inserted 7 lga walk time records
2024-11-13 19:41:06,826 - __main__ - INFO - Starting JFK scraping tasks...
2024-11-13 19:41:07,239 - jfk_local - INFO - Starting JFK security wait time scrape
2024-11-13 19:41:12,088 - jfk_local - INFO - Security times for Terminal 1: General=11, TSA Pre✓=5
2024-11-13 19:41:12,122 - jfk_local - INFO - Security times for Terminal 4: General=N/A, TSA Pre✓=N/A
2024-11-13 19:41:12,159 - jfk_local - INFO - Security times for Terminal 5: General=23, TSA Pre✓=7
2024-11-13 19:41:12,192 - jfk_local - INFO - Security times for Terminal 7: General=8, TSA Pre✓=
2024-11-13 19:41:12,225 - jfk_local - INFO - Security times for Terminal 8: General=24, TSA Pre✓=17
2024-11-13 19:41:12,225 - __main__ - INFO - Saving JFK security wait time data...
2024-11-13 19:41:12,261 - root - INFO - Inserted 5 jfk security wait time records
2024-11-13 19:41:12,770 - jfk_local - INFO - Starting JFK walk time scrape
2024-11-13 19:41:17,279 - __main__ - INFO - Saving JFK walk time data...
2024-11-13 19:41:17,321 - root - INFO - Inserted 12 jfk walk time records
2024-11-13 19:41:17,428 - __main__ - INFO - All airport scraping tasks completed successfully
2024-11-13 19:41:52,781 - __main__ - INFO - Combined scheduler stopping...
